water
100 /8672
101 /8672
102 /8672
103 /8672
104 /8672
105 /8672
106 /8672
107 /8672
108 /8672
109 /8672
110 /8672
111 /8672
112 /8672
113 /8672
114 /8672
115 /8672
116 /8672
117 /8672
118 /8672
119 /8672
120 /8672
121 /8672
122 /8672
123 /8672
124 /8672
125 /8672
126 /8672
127 /8672
128 /8672
129 /8672
130 /8672
131 /8672
132 /8672
133 /8672
134 /8672
135 /8672
136 /8672
137 /8672
138 /8672
139 /8672
140 /8672
141 /8672
142 /8672
143 /8672
144 /8672
145 /8672
146 /8672
147 /8672
148 /8672
149 /8672
150 /8672
151 /8672
152 /8672
153 /8672
154 /8672
155 /8672
156 /8672
157 /8672
158 /8672
159 /8672
160 /8672
161 /8672
162 /8672
163 /8672
164 /8672
165 /8672
166 /8672
167 /8672
168 /8672
169 /8672
170 /8672
171 /8672
172 /8672
173 /8672
174 /8672
175 /8672
176 /8672
177 /8672
178 /8672
179 /8672
180 /8672
181 /8672
182 /8672
183 /8672
184 /8672
185 /8672
186 /8672
187 /8672
188 /8672
189 /8672
190 /8672
191 /8672
192 /8672
Traceback (most recent call last):
  File "get_image_hash.py", line 65, in <module>
    image_df[(image_df.experiment_image == experiment_image)]['original_image'] = orignal_image
NameError: name 'orignal_image' is not defined
